2024-08-27 13:23:23,221 DEBUG    root            Loaded Command Group: ['gcloud', 'components']
2024-08-27 13:23:23,224 DEBUG    root            Loaded Command Group: ['gcloud', 'components', 'update']
2024-08-27 13:23:23,227 DEBUG    root            Running [gcloud.components.update] with arguments: [--quiet: "True", COMPONENT-IDS:8: "['gcloud', 'core', 'bq', 'gsutil', 'compute', 'preview', 'alpha', 'beta']"]
2024-08-27 13:23:23,228 INFO     ___FILE_ONLY___ Beginning update. This process may take several minutes.

2024-08-27 13:23:23,238 DEBUG    urllib3.connectionpool Starting new HTTPS connection (1): dl.google.com:443
2024-08-27 13:23:23,314 DEBUG    urllib3.connectionpool https://dl.google.com:443 "GET /dl/cloudsdk/channels/rapid/components-2.json HTTP/1.1" 200 229029
2024-08-27 13:23:23,336 WARNING  root            Component [compute] no longer exists.
2024-08-27 13:23:23,336 WARNING  root            Component [preview] no longer exists.
2024-08-27 13:23:23,337 INFO     ___FILE_ONLY___ 

2024-08-27 13:23:23,338 INFO     ___FILE_ONLY___ 
Your current Google Cloud CLI version is: 489.0.0

2024-08-27 13:23:23,338 INFO     ___FILE_ONLY___ Installing components from version: 489.0.0

2024-08-27 13:23:23,338 INFO     ___FILE_ONLY___ 

2024-08-27 13:23:23,338 DEBUG    root            Chosen display Format:table[box,title="These components will be removed."](details.display_name:label=Name:align=left,version.version_string:label=Version:align=right,data.size.size(zero="",min=1048576):label=Size:align=right)
2024-08-27 13:23:23,339 DEBUG    root            Chosen display Format:table[box,title="These components will be updated."](details.display_name:label=Name:align=left,version.version_string:label=Version:align=right,data.size.size(zero="",min=1048576):label=Size:align=right)
2024-08-27 13:23:23,340 DEBUG    root            Chosen display Format:table[box,title="These components will be installed."](details.display_name:label=Name:align=left,version.version_string:label=Version:align=right,data.size.size(zero="",min=1048576):label=Size:align=right)
2024-08-27 13:23:23,360 INFO     ___FILE_ONLY___ ┌──────────────────────────────────────────────┐
2024-08-27 13:23:23,361 INFO     ___FILE_ONLY___ 

2024-08-27 13:23:23,361 INFO     ___FILE_ONLY___ │     These components will be installed.      │
2024-08-27 13:23:23,361 INFO     ___FILE_ONLY___ 

2024-08-27 13:23:23,361 INFO     ___FILE_ONLY___ ├───────────────────────┬────────────┬─────────┤
2024-08-27 13:23:23,361 INFO     ___FILE_ONLY___ 

2024-08-27 13:23:23,361 INFO     ___FILE_ONLY___ │          Name         │  Version   │   Size  │
2024-08-27 13:23:23,361 INFO     ___FILE_ONLY___ 

2024-08-27 13:23:23,361 INFO     ___FILE_ONLY___ ├───────────────────────┼────────────┼─────────┤
2024-08-27 13:23:23,361 INFO     ___FILE_ONLY___ 

2024-08-27 13:23:23,361 INFO     ___FILE_ONLY___ │ 
2024-08-27 13:23:23,361 INFO     ___FILE_ONLY___ gcloud Alpha Commands
2024-08-27 13:23:23,361 INFO     ___FILE_ONLY___  
2024-08-27 13:23:23,361 INFO     ___FILE_ONLY___ │ 
2024-08-27 13:23:23,362 INFO     ___FILE_ONLY___ 2024.08.16
2024-08-27 13:23:23,362 INFO     ___FILE_ONLY___  
2024-08-27 13:23:23,362 INFO     ___FILE_ONLY___ │ 
2024-08-27 13:23:23,362 INFO     ___FILE_ONLY___ < 1 MiB
2024-08-27 13:23:23,362 INFO     ___FILE_ONLY___  
2024-08-27 13:23:23,362 INFO     ___FILE_ONLY___ │
2024-08-27 13:23:23,362 INFO     ___FILE_ONLY___ 

2024-08-27 13:23:23,362 INFO     ___FILE_ONLY___ │ 
2024-08-27 13:23:23,362 INFO     ___FILE_ONLY___ gcloud Beta Commands 
2024-08-27 13:23:23,362 INFO     ___FILE_ONLY___  
2024-08-27 13:23:23,362 INFO     ___FILE_ONLY___ │ 
2024-08-27 13:23:23,362 INFO     ___FILE_ONLY___ 2024.08.16
2024-08-27 13:23:23,362 INFO     ___FILE_ONLY___  
2024-08-27 13:23:23,362 INFO     ___FILE_ONLY___ │ 
2024-08-27 13:23:23,363 INFO     ___FILE_ONLY___ < 1 MiB
2024-08-27 13:23:23,363 INFO     ___FILE_ONLY___  
2024-08-27 13:23:23,363 INFO     ___FILE_ONLY___ │
2024-08-27 13:23:23,363 INFO     ___FILE_ONLY___ 

2024-08-27 13:23:23,363 INFO     ___FILE_ONLY___ └───────────────────────┴────────────┴─────────┘
2024-08-27 13:23:23,363 INFO     ___FILE_ONLY___ 

2024-08-27 13:23:23,363 INFO     ___FILE_ONLY___ 

2024-08-27 13:23:23,367 DEBUG    urllib3.connectionpool Starting new HTTPS connection (1): dl.google.com:443
2024-08-27 13:23:23,507 DEBUG    urllib3.connectionpool https://dl.google.com:443 "GET /dl/cloudsdk/channels/rapid/RELEASE_NOTES HTTP/1.1" 200 1259049
2024-08-27 13:23:23,644 INFO     ___FILE_ONLY___ For the latest full release notes, please visit:
  https://cloud.google.com/sdk/release_notes


2024-08-27 13:23:23,645 INFO     ___FILE_ONLY___ Performing in place update...


2024-08-27 13:23:23,647 INFO     ___FILE_ONLY___ ╔════════════════════════════════════════════════════════════╗

2024-08-27 13:23:23,647 INFO     ___FILE_ONLY___ ╠═ Downloading: gcloud Alpha Commands                       ═╣

2024-08-27 13:23:23,647 INFO     ___FILE_ONLY___ ╚
2024-08-27 13:23:23,651 DEBUG    urllib3.connectionpool Starting new HTTPS connection (1): dl.google.com:443
2024-08-27 13:23:23,783 DEBUG    urllib3.connectionpool https://dl.google.com:443 "GET /dl/cloudsdk/channels/rapid/components/google-cloud-sdk-alpha-20240816183020.tar.gz HTTP/1.1" 200 800
2024-08-27 13:23:23,784 INFO     ___FILE_ONLY___ ════════════════════════════════════════════════════════════
2024-08-27 13:23:23,784 INFO     ___FILE_ONLY___ ╝

2024-08-27 13:23:23,786 INFO     ___FILE_ONLY___ ╔════════════════════════════════════════════════════════════╗

2024-08-27 13:23:23,786 INFO     ___FILE_ONLY___ ╠═ Downloading: gcloud Beta Commands                        ═╣

2024-08-27 13:23:23,787 INFO     ___FILE_ONLY___ ╚
2024-08-27 13:23:23,790 DEBUG    urllib3.connectionpool Starting new HTTPS connection (1): dl.google.com:443
2024-08-27 13:23:23,864 DEBUG    urllib3.connectionpool https://dl.google.com:443 "GET /dl/cloudsdk/channels/rapid/components/google-cloud-sdk-beta-20240816183020.tar.gz HTTP/1.1" 200 797
2024-08-27 13:23:23,865 INFO     ___FILE_ONLY___ ════════════════════════════════════════════════════════════
2024-08-27 13:23:23,865 INFO     ___FILE_ONLY___ ╝

2024-08-27 13:23:23,867 INFO     ___FILE_ONLY___ ╔════════════════════════════════════════════════════════════╗

2024-08-27 13:23:23,867 INFO     ___FILE_ONLY___ ╠═ Installing: gcloud Alpha Commands                        ═╣

2024-08-27 13:23:23,867 INFO     ___FILE_ONLY___ ╚
2024-08-27 13:23:23,869 INFO     ___FILE_ONLY___ ════════════════════════════════════════════════════════════
2024-08-27 13:23:23,869 INFO     ___FILE_ONLY___ ╝

2024-08-27 13:23:23,879 INFO     ___FILE_ONLY___ ╔════════════════════════════════════════════════════════════╗

2024-08-27 13:23:23,879 INFO     ___FILE_ONLY___ ╠═ Installing: gcloud Beta Commands                         ═╣

2024-08-27 13:23:23,879 INFO     ___FILE_ONLY___ ╚
2024-08-27 13:23:23,880 INFO     ___FILE_ONLY___ ════════════════════════════════════════════════════════════
2024-08-27 13:23:23,880 INFO     ___FILE_ONLY___ ╝

2024-08-27 13:23:23,891 DEBUG    root            Updating notification cache...
2024-08-27 13:23:23,891 INFO     ___FILE_ONLY___ 

2024-08-27 13:23:23,894 INFO     ___FILE_ONLY___ Performing post processing steps...
2024-08-27 13:23:23,894 DEBUG    root            Executing command: ['/tools/google-cloud-sdk/bin/gcloud', 'components', 'post-process']
2024-08-27 13:23:35,472 DEBUG    ___FILE_ONLY___ 
2024-08-27 13:23:35,473 DEBUG    ___FILE_ONLY___ 
2024-08-27 13:23:35,683 INFO     ___FILE_ONLY___ 
Update done!


2024-08-27 13:23:35,686 DEBUG    root            Chosen display Format:none
2024-08-27 13:23:35,686 INFO     root            Display format: "none"
